{"D:\\cashtrackr\\backend\\src\\server.ts": {"path":"D:\\cashtrackr\\backend\\src\\server.ts","statementMap":{"0":{"start":{"line":7,"column":0},"end":{"line":7,"column":7}},"1":{"start":{"line":1,"column":0},"end":{"line":1,"column":29}},"2":{"start":{"line":2,"column":0},"end":{"line":2,"column":27}},"3":{"start":{"line":3,"column":0},"end":{"line":3,"column":32}},"4":{"start":{"line":4,"column":0},"end":{"line":4,"column":44}},"5":{"start":{"line":5,"column":0},"end":{"line":5,"column":48}},"6":{"start":{"line":8,"column":4},"end":{"line":16,"column":5}},"7":{"start":{"line":9,"column":8},"end":{"line":9,"column":null}},"8":{"start":{"line":11,"column":8},"end":{"line":11,"column":null}},"9":{"start":{"line":20,"column":0},"end":{"line":20,"column":null}},"10":{"start":{"line":22,"column":12},"end":{"line":22,"column":21}},"11":{"start":{"line":24,"column":0},"end":{"line":24,"column":null}},"12":{"start":{"line":26,"column":0},"end":{"line":26,"column":null}},"13":{"start":{"line":29,"column":0},"end":{"line":29,"column":null}},"14":{"start":{"line":31,"column":0},"end":{"line":31,"column":null}},"15":{"start":{"line":37,"column":0},"end":{"line":37,"column":null}}},"fnMap":{"0":{"name":"connectDB","decl":{"start":{"line":7,"column":22},"end":{"line":7,"column":31}},"loc":{"start":{"line":7,"column":31},"end":{"line":18,"column":1}}}},"branchMap":{},"s":{"0":1,"1":1,"2":1,"3":1,"4":1,"5":1,"6":1,"7":1,"8":1,"9":1,"10":1,"11":1,"12":1,"13":1,"14":1,"15":1},"f":{"0":1},"b":{}}
,"D:\\cashtrackr\\backend\\src\\config\\db.ts": {"path":"D:\\cashtrackr\\backend\\src\\config\\db.ts","statementMap":{"0":{"start":{"line":1,"column":0},"end":{"line":1,"column":27}},"1":{"start":{"line":2,"column":0},"end":{"line":2,"column":48}},"2":{"start":{"line":5,"column":0},"end":{"line":5,"column":null}},"3":{"start":{"line":7,"column":13},"end":{"line":17,"column":null}}},"fnMap":{},"branchMap":{},"s":{"0":1,"1":1,"2":1,"3":1},"f":{},"b":{}}
,"D:\\cashtrackr\\backend\\src\\config\\limiter.ts": {"path":"D:\\cashtrackr\\backend\\src\\config\\limiter.ts","statementMap":{"0":{"start":{"line":1,"column":0},"end":{"line":1,"column":46}},"1":{"start":{"line":3,"column":13},"end":{"line":8,"column":null}},"2":{"start":{"line":6,"column":16},"end":{"line":6,"column":47}}},"fnMap":{"0":{"name":"(anonymous_0)","decl":{"start":{"line":6,"column":10},"end":{"line":6,"column":13}},"loc":{"start":{"line":6,"column":16},"end":{"line":6,"column":47}}}},"branchMap":{"0":{"loc":{"start":{"line":5,"column":11},"end":{"line":5,"column":58}},"type":"cond-expr","locations":[{"start":{"line":5,"column":51},"end":{"line":5,"column":52}},{"start":{"line":5,"column":55},"end":{"line":5,"column":58}}]}},"s":{"0":1,"1":1,"2":24},"f":{"0":24},"b":{"0":[0,1]}}
,"D:\\cashtrackr\\backend\\src\\config\\nodemailer.ts": {"path":"D:\\cashtrackr\\backend\\src\\config\\nodemailer.ts","statementMap":{"0":{"start":{"line":1,"column":0},"end":{"line":1,"column":27}},"1":{"start":{"line":2,"column":0},"end":{"line":2,"column":35}},"2":{"start":{"line":3,"column":0},"end":{"line":3,"column":null}},"3":{"start":{"line":6,"column":15},"end":{"line":16,"column":1}},"4":{"start":{"line":7,"column":4},"end":{"line":15,"column":null}},"5":{"start":{"line":18,"column":13},"end":{"line":18,"column":null}}},"fnMap":{"0":{"name":"(anonymous_1)","decl":{"start":{"line":6,"column":15},"end":{"line":6,"column":18}},"loc":{"start":{"line":6,"column":20},"end":{"line":16,"column":1}}}},"branchMap":{},"s":{"0":2,"1":2,"2":2,"3":2,"4":2,"5":2},"f":{"0":2},"b":{}}
,"D:\\cashtrackr\\backend\\src\\controllers\\AuthController.ts": {"path":"D:\\cashtrackr\\backend\\src\\controllers\\AuthController.ts","statementMap":{"0":{"start":{"line":2,"column":0},"end":{"line":2,"column":47}},"1":{"start":{"line":3,"column":0},"end":{"line":3,"column":33}},"2":{"start":{"line":4,"column":0},"end":{"line":4,"column":59}},"3":{"start":{"line":5,"column":0},"end":{"line":5,"column":42}},"4":{"start":{"line":6,"column":0},"end":{"line":6,"column":46}},"5":{"start":{"line":10,"column":27},"end":{"line":52,"column":5}},"6":{"start":{"line":12,"column":36},"end":{"line":12,"column":44}},"7":{"start":{"line":14,"column":27},"end":{"line":18,"column":10}},"8":{"start":{"line":19,"column":8},"end":{"line":22,"column":9}},"9":{"start":{"line":20,"column":26},"end":{"line":20,"column":82}},"10":{"start":{"line":21,"column":12},"end":{"line":21,"column":null}},"11":{"start":{"line":23,"column":8},"end":{"line":50,"column":9}},"12":{"start":{"line":25,"column":25},"end":{"line":25,"column":52}},"13":{"start":{"line":27,"column":12},"end":{"line":27,"column":null}},"14":{"start":{"line":29,"column":26},"end":{"line":29,"column":41}},"15":{"start":{"line":31,"column":12},"end":{"line":31,"column":29}},"16":{"start":{"line":34,"column":12},"end":{"line":36,"column":13}},"17":{"start":{"line":35,"column":16},"end":{"line":35,"column":null}},"18":{"start":{"line":38,"column":12},"end":{"line":38,"column":null}},"19":{"start":{"line":39,"column":12},"end":{"line":44,"column":null}},"20":{"start":{"line":46,"column":12},"end":{"line":46,"column":null}},"21":{"start":{"line":49,"column":12},"end":{"line":49,"column":null}},"22":{"start":{"line":54,"column":29},"end":{"line":74,"column":5}},"23":{"start":{"line":56,"column":26},"end":{"line":56,"column":34}},"24":{"start":{"line":58,"column":21},"end":{"line":60,"column":10}},"25":{"start":{"line":61,"column":8},"end":{"line":64,"column":9}},"26":{"start":{"line":62,"column":26},"end":{"line":62,"column":54}},"27":{"start":{"line":63,"column":12},"end":{"line":63,"column":null}},"28":{"start":{"line":66,"column":8},"end":{"line":66,"column":null}},"29":{"start":{"line":67,"column":8},"end":{"line":67,"column":null}},"30":{"start":{"line":70,"column":8},"end":{"line":70,"column":null}},"31":{"start":{"line":72,"column":8},"end":{"line":72,"column":null}},"32":{"start":{"line":75,"column":19},"end":{"line":107,"column":5}},"33":{"start":{"line":77,"column":36},"end":{"line":77,"column":44}},"34":{"start":{"line":79,"column":21},"end":{"line":83,"column":10}},"35":{"start":{"line":84,"column":8},"end":{"line":87,"column":9}},"36":{"start":{"line":85,"column":26},"end":{"line":85,"column":60}},"37":{"start":{"line":86,"column":12},"end":{"line":86,"column":null}},"38":{"start":{"line":89,"column":8},"end":{"line":93,"column":9}},"39":{"start":{"line":90,"column":26},"end":{"line":90,"column":70}},"40":{"start":{"line":91,"column":12},"end":{"line":91,"column":null}},"41":{"start":{"line":95,"column":34},"end":{"line":95,"column":78}},"42":{"start":{"line":96,"column":8},"end":{"line":100,"column":9}},"43":{"start":{"line":97,"column":26},"end":{"line":97,"column":58}},"44":{"start":{"line":98,"column":12},"end":{"line":98,"column":null}},"45":{"start":{"line":102,"column":22},"end":{"line":102,"column":42}},"46":{"start":{"line":105,"column":8},"end":{"line":105,"column":null}},"47":{"start":{"line":109,"column":28},"end":{"line":133,"column":5}},"48":{"start":{"line":110,"column":26},"end":{"line":110,"column":34}},"49":{"start":{"line":112,"column":21},"end":{"line":116,"column":10}},"50":{"start":{"line":117,"column":8},"end":{"line":120,"column":9}},"51":{"start":{"line":118,"column":26},"end":{"line":118,"column":60}},"52":{"start":{"line":119,"column":12},"end":{"line":119,"column":null}},"53":{"start":{"line":122,"column":8},"end":{"line":122,"column":null}},"54":{"start":{"line":124,"column":8},"end":{"line":124,"column":null}},"55":{"start":{"line":126,"column":8},"end":{"line":130,"column":null}},"56":{"start":{"line":131,"column":8},"end":{"line":131,"column":null}},"57":{"start":{"line":135,"column":27},"end":{"line":149,"column":5}},"58":{"start":{"line":137,"column":26},"end":{"line":137,"column":34}},"59":{"start":{"line":139,"column":28},"end":{"line":139,"column":68}},"60":{"start":{"line":141,"column":8},"end":{"line":146,"column":9}},"61":{"start":{"line":142,"column":26},"end":{"line":142,"column":54}},"62":{"start":{"line":144,"column":12},"end":{"line":144,"column":null}},"63":{"start":{"line":147,"column":8},"end":{"line":147,"column":null}},"64":{"start":{"line":151,"column":36},"end":{"line":170,"column":5}},"65":{"start":{"line":152,"column":26},"end":{"line":152,"column":36}},"66":{"start":{"line":153,"column":29},"end":{"line":153,"column":37}},"67":{"start":{"line":155,"column":21},"end":{"line":155,"column":61}},"68":{"start":{"line":157,"column":8},"end":{"line":162,"column":9}},"69":{"start":{"line":158,"column":26},"end":{"line":158,"column":54}},"70":{"start":{"line":160,"column":12},"end":{"line":160,"column":null}},"71":{"start":{"line":164,"column":8},"end":{"line":164,"column":null}},"72":{"start":{"line":165,"column":8},"end":{"line":165,"column":null}},"73":{"start":{"line":166,"column":8},"end":{"line":166,"column":null}},"74":{"start":{"line":168,"column":8},"end":{"line":168,"column":null}},"75":{"start":{"line":172,"column":18},"end":{"line":175,"column":5}},"76":{"start":{"line":173,"column":8},"end":{"line":173,"column":null}},"77":{"start":{"line":176,"column":39},"end":{"line":195,"column":5}},"78":{"start":{"line":178,"column":42},"end":{"line":178,"column":50}},"79":{"start":{"line":180,"column":19},"end":{"line":180,"column":27}},"80":{"start":{"line":183,"column":19},"end":{"line":183,"column":42}},"81":{"start":{"line":185,"column":32},"end":{"line":185,"column":83}},"82":{"start":{"line":186,"column":8},"end":{"line":189,"column":9}},"83":{"start":{"line":187,"column":24},"end":{"line":187,"column":69}},"84":{"start":{"line":188,"column":12},"end":{"line":188,"column":null}},"85":{"start":{"line":191,"column":8},"end":{"line":191,"column":null}},"86":{"start":{"line":192,"column":8},"end":{"line":192,"column":null}},"87":{"start":{"line":193,"column":8},"end":{"line":193,"column":null}},"88":{"start":{"line":198,"column":28},"end":{"line":215,"column":5}},"89":{"start":{"line":200,"column":25},"end":{"line":200,"column":33}},"90":{"start":{"line":202,"column":19},"end":{"line":202,"column":27}},"91":{"start":{"line":205,"column":19},"end":{"line":205,"column":42}},"92":{"start":{"line":207,"column":32},"end":{"line":207,"column":75}},"93":{"start":{"line":208,"column":8},"end":{"line":211,"column":9}},"94":{"start":{"line":209,"column":24},"end":{"line":209,"column":69}},"95":{"start":{"line":210,"column":12},"end":{"line":210,"column":null}},"96":{"start":{"line":213,"column":8},"end":{"line":213,"column":null}},"97":{"start":{"line":8,"column":0},"end":{"line":8,"column":13}}},"fnMap":{"0":{"name":"(anonymous_1)","decl":{"start":{"line":10,"column":27},"end":{"line":10,"column":32}},"loc":{"start":{"line":10,"column":65},"end":{"line":52,"column":5}}},"1":{"name":"(anonymous_2)","decl":{"start":{"line":54,"column":29},"end":{"line":54,"column":34}},"loc":{"start":{"line":54,"column":67},"end":{"line":74,"column":5}}},"2":{"name":"(anonymous_3)","decl":{"start":{"line":75,"column":19},"end":{"line":75,"column":24}},"loc":{"start":{"line":75,"column":57},"end":{"line":107,"column":5}}},"3":{"name":"(anonymous_4)","decl":{"start":{"line":109,"column":28},"end":{"line":109,"column":33}},"loc":{"start":{"line":109,"column":66},"end":{"line":133,"column":5}}},"4":{"name":"(anonymous_5)","decl":{"start":{"line":135,"column":27},"end":{"line":135,"column":32}},"loc":{"start":{"line":135,"column":65},"end":{"line":149,"column":5}}},"5":{"name":"(anonymous_6)","decl":{"start":{"line":151,"column":36},"end":{"line":151,"column":41}},"loc":{"start":{"line":151,"column":74},"end":{"line":170,"column":5}}},"6":{"name":"(anonymous_7)","decl":{"start":{"line":172,"column":18},"end":{"line":172,"column":23}},"loc":{"start":{"line":172,"column":56},"end":{"line":175,"column":5}}},"7":{"name":"(anonymous_8)","decl":{"start":{"line":176,"column":39},"end":{"line":176,"column":44}},"loc":{"start":{"line":176,"column":77},"end":{"line":195,"column":5}}},"8":{"name":"(anonymous_9)","decl":{"start":{"line":198,"column":28},"end":{"line":198,"column":33}},"loc":{"start":{"line":198,"column":66},"end":{"line":215,"column":5}}}},"branchMap":{"0":{"loc":{"start":{"line":19,"column":8},"end":{"line":22,"column":9}},"type":"if","locations":[{"start":{"line":19,"column":8},"end":{"line":22,"column":9}},{"start":{},"end":{}}]},"1":{"loc":{"start":{"line":34,"column":12},"end":{"line":36,"column":13}},"type":"if","locations":[{"start":{"line":34,"column":12},"end":{"line":36,"column":13}},{"start":{},"end":{}}]},"2":{"loc":{"start":{"line":61,"column":8},"end":{"line":64,"column":9}},"type":"if","locations":[{"start":{"line":61,"column":8},"end":{"line":64,"column":9}},{"start":{},"end":{}}]},"3":{"loc":{"start":{"line":84,"column":8},"end":{"line":87,"column":9}},"type":"if","locations":[{"start":{"line":84,"column":8},"end":{"line":87,"column":9}},{"start":{},"end":{}}]},"4":{"loc":{"start":{"line":89,"column":8},"end":{"line":93,"column":9}},"type":"if","locations":[{"start":{"line":89,"column":8},"end":{"line":93,"column":9}},{"start":{},"end":{}}]},"5":{"loc":{"start":{"line":96,"column":8},"end":{"line":100,"column":9}},"type":"if","locations":[{"start":{"line":96,"column":8},"end":{"line":100,"column":9}},{"start":{},"end":{}}]},"6":{"loc":{"start":{"line":117,"column":8},"end":{"line":120,"column":9}},"type":"if","locations":[{"start":{"line":117,"column":8},"end":{"line":120,"column":9}},{"start":{},"end":{}}]},"7":{"loc":{"start":{"line":141,"column":8},"end":{"line":146,"column":9}},"type":"if","locations":[{"start":{"line":141,"column":8},"end":{"line":146,"column":9}},{"start":{},"end":{}}]},"8":{"loc":{"start":{"line":157,"column":8},"end":{"line":162,"column":9}},"type":"if","locations":[{"start":{"line":157,"column":8},"end":{"line":162,"column":9}},{"start":{},"end":{}}]},"9":{"loc":{"start":{"line":186,"column":8},"end":{"line":189,"column":9}},"type":"if","locations":[{"start":{"line":186,"column":8},"end":{"line":189,"column":9}},{"start":{},"end":{}}]},"10":{"loc":{"start":{"line":208,"column":8},"end":{"line":211,"column":9}},"type":"if","locations":[{"start":{"line":208,"column":8},"end":{"line":211,"column":9}},{"start":{},"end":{}}]}},"s":{"0":2,"1":2,"2":2,"3":2,"4":2,"5":2,"6":6,"7":6,"8":6,"9":3,"10":3,"11":3,"12":3,"13":3,"14":3,"15":3,"16":3,"17":3,"18":3,"19":3,"20":3,"21":0,"22":2,"23":3,"24":3,"25":3,"26":1,"27":1,"28":2,"29":2,"30":2,"31":2,"32":2,"33":15,"34":15,"35":15,"36":2,"37":2,"38":13,"39":3,"40":3,"41":10,"42":10,"43":2,"44":2,"45":8,"46":8,"47":2,"48":0,"49":0,"50":0,"51":0,"52":0,"53":0,"54":0,"55":0,"56":0,"57":2,"58":0,"59":0,"60":0,"61":0,"62":0,"63":0,"64":2,"65":0,"66":0,"67":0,"68":0,"69":0,"70":0,"71":0,"72":0,"73":0,"74":0,"75":2,"76":0,"77":2,"78":0,"79":0,"80":0,"81":0,"82":0,"83":0,"84":0,"85":0,"86":0,"87":0,"88":2,"89":0,"90":0,"91":0,"92":0,"93":0,"94":0,"95":0,"96":0,"97":2},"f":{"0":6,"1":3,"2":15,"3":0,"4":0,"5":0,"6":0,"7":0,"8":0},"b":{"0":[3,3],"1":[3,0],"2":[1,2],"3":[2,13],"4":[3,10],"5":[2,8],"6":[0,0],"7":[0,0],"8":[0,0],"9":[0,0],"10":[0,0]}}
,"D:\\cashtrackr\\backend\\src\\controllers\\BudgetController.ts": {"path":"D:\\cashtrackr\\backend\\src\\controllers\\BudgetController.ts","statementMap":{"0":{"start":{"line":2,"column":0},"end":{"line":2,"column":37}},"1":{"start":{"line":3,"column":0},"end":{"line":3,"column":39}},"2":{"start":{"line":9,"column":20},"end":{"line":28,"column":5}},"3":{"start":{"line":10,"column":8},"end":{"line":27,"column":9}},"4":{"start":{"line":11,"column":28},"end":{"line":22,"column":14}},"5":{"start":{"line":23,"column":12},"end":{"line":23,"column":null}},"6":{"start":{"line":26,"column":12},"end":{"line":26,"column":null}},"7":{"start":{"line":29,"column":20},"end":{"line":43,"column":5}},"8":{"start":{"line":30,"column":8},"end":{"line":42,"column":9}},"9":{"start":{"line":33,"column":27},"end":{"line":33,"column":56}},"10":{"start":{"line":35,"column":12},"end":{"line":35,"column":null}},"11":{"start":{"line":37,"column":12},"end":{"line":37,"column":null}},"12":{"start":{"line":38,"column":12},"end":{"line":38,"column":null}},"13":{"start":{"line":41,"column":12},"end":{"line":41,"column":null}},"14":{"start":{"line":45,"column":21},"end":{"line":55,"column":5}},"15":{"start":{"line":48,"column":21},"end":{"line":50,"column":10}},"16":{"start":{"line":53,"column":8},"end":{"line":53,"column":null}},"17":{"start":{"line":56,"column":24},"end":{"line":60,"column":5}},"18":{"start":{"line":58,"column":8},"end":{"line":58,"column":null}},"19":{"start":{"line":59,"column":8},"end":{"line":59,"column":null}},"20":{"start":{"line":62,"column":24},"end":{"line":65,"column":5}},"21":{"start":{"line":63,"column":7},"end":{"line":63,"column":null}},"22":{"start":{"line":64,"column":12},"end":{"line":64,"column":null}},"23":{"start":{"line":7,"column":0},"end":{"line":7,"column":13}}},"fnMap":{"0":{"name":"(anonymous_1)","decl":{"start":{"line":9,"column":20},"end":{"line":9,"column":25}},"loc":{"start":{"line":9,"column":58},"end":{"line":28,"column":5}}},"1":{"name":"(anonymous_2)","decl":{"start":{"line":29,"column":20},"end":{"line":29,"column":25}},"loc":{"start":{"line":29,"column":58},"end":{"line":43,"column":5}}},"2":{"name":"(anonymous_3)","decl":{"start":{"line":45,"column":21},"end":{"line":45,"column":26}},"loc":{"start":{"line":45,"column":59},"end":{"line":55,"column":5}}},"3":{"name":"(anonymous_4)","decl":{"start":{"line":56,"column":24},"end":{"line":56,"column":29}},"loc":{"start":{"line":56,"column":62},"end":{"line":60,"column":5}}},"4":{"name":"(anonymous_5)","decl":{"start":{"line":62,"column":24},"end":{"line":62,"column":29}},"loc":{"start":{"line":62,"column":62},"end":{"line":65,"column":5}}}},"branchMap":{},"s":{"0":2,"1":2,"2":2,"3":3,"4":3,"5":2,"6":1,"7":2,"8":5,"9":5,"10":4,"11":4,"12":4,"13":1,"14":2,"15":4,"16":4,"17":2,"18":2,"19":2,"20":2,"21":2,"22":2,"23":2},"f":{"0":3,"1":5,"2":4,"3":2,"4":2},"b":{}}
,"D:\\cashtrackr\\backend\\src\\controllers\\ExpenseController.ts": {"path":"D:\\cashtrackr\\backend\\src\\controllers\\ExpenseController.ts","statementMap":{"0":{"start":{"line":2,"column":0},"end":{"line":2,"column":39}},"1":{"start":{"line":7,"column":20},"end":{"line":19,"column":5}},"2":{"start":{"line":8,"column":8},"end":{"line":18,"column":9}},"3":{"start":{"line":10,"column":28},"end":{"line":10,"column":58}},"4":{"start":{"line":11,"column":12},"end":{"line":11,"column":null}},"5":{"start":{"line":13,"column":12},"end":{"line":13,"column":null}},"6":{"start":{"line":14,"column":12},"end":{"line":14,"column":null}},"7":{"start":{"line":17,"column":12},"end":{"line":17,"column":null}},"8":{"start":{"line":21,"column":21},"end":{"line":24,"column":5}},"9":{"start":{"line":22,"column":8},"end":{"line":22,"column":null}},"10":{"start":{"line":26,"column":24},"end":{"line":31,"column":5}},"11":{"start":{"line":27,"column":9},"end":{"line":27,"column":null}},"12":{"start":{"line":28,"column":9},"end":{"line":28,"column":null}},"13":{"start":{"line":33,"column":24},"end":{"line":38,"column":5}},"14":{"start":{"line":35,"column":8},"end":{"line":35,"column":null}},"15":{"start":{"line":36,"column":8},"end":{"line":36,"column":null}},"16":{"start":{"line":4,"column":0},"end":{"line":4,"column":13}}},"fnMap":{"0":{"name":"(anonymous_1)","decl":{"start":{"line":7,"column":20},"end":{"line":7,"column":25}},"loc":{"start":{"line":7,"column":58},"end":{"line":19,"column":5}}},"1":{"name":"(anonymous_2)","decl":{"start":{"line":21,"column":21},"end":{"line":21,"column":26}},"loc":{"start":{"line":21,"column":59},"end":{"line":24,"column":5}}},"2":{"name":"(anonymous_3)","decl":{"start":{"line":26,"column":24},"end":{"line":26,"column":29}},"loc":{"start":{"line":26,"column":62},"end":{"line":31,"column":5}}},"3":{"name":"(anonymous_4)","decl":{"start":{"line":33,"column":24},"end":{"line":33,"column":29}},"loc":{"start":{"line":33,"column":62},"end":{"line":38,"column":5}}}},"branchMap":{},"s":{"0":2,"1":2,"2":2,"3":2,"4":1,"5":1,"6":1,"7":1,"8":2,"9":1,"10":2,"11":1,"12":1,"13":2,"14":1,"15":1,"16":2},"f":{"0":2,"1":1,"2":1,"3":1},"b":{}}
,"D:\\cashtrackr\\backend\\src\\emails\\AuthEmail.ts": {"path":"D:\\cashtrackr\\backend\\src\\emails\\AuthEmail.ts","statementMap":{"0":{"start":{"line":1,"column":0},"end":{"line":1,"column":48}},"1":{"start":{"line":10,"column":33},"end":{"line":25,"column":5}},"2":{"start":{"line":11,"column":20},"end":{"line":21,"column":10}},"3":{"start":{"line":22,"column":8},"end":{"line":22,"column":null}},"4":{"start":{"line":27,"column":35},"end":{"line":42,"column":5}},"5":{"start":{"line":28,"column":20},"end":{"line":38,"column":10}},"6":{"start":{"line":39,"column":8},"end":{"line":39,"column":null}},"7":{"start":{"line":8,"column":0},"end":{"line":8,"column":13}}},"fnMap":{"0":{"name":"(anonymous_0)","decl":{"start":{"line":10,"column":33},"end":{"line":10,"column":38}},"loc":{"start":{"line":10,"column":56},"end":{"line":25,"column":5}}},"1":{"name":"(anonymous_1)","decl":{"start":{"line":27,"column":35},"end":{"line":27,"column":40}},"loc":{"start":{"line":27,"column":58},"end":{"line":42,"column":5}}}},"branchMap":{},"s":{"0":2,"1":2,"2":0,"3":0,"4":2,"5":0,"6":0,"7":2},"f":{"0":0,"1":0},"b":{}}
,"D:\\cashtrackr\\backend\\src\\middleware\\Budget.ts": {"path":"D:\\cashtrackr\\backend\\src\\middleware\\Budget.ts","statementMap":{"0":{"start":{"line":85,"column":0},"end":{"line":85,"column":16}},"1":{"start":{"line":2,"column":0},"end":{"line":2,"column":66}},"2":{"start":{"line":3,"column":0},"end":{"line":3,"column":38}},"3":{"start":{"line":14,"column":32},"end":{"line":29,"column":1}},"4":{"start":{"line":16,"column":4},"end":{"line":21,"column":null}},"5":{"start":{"line":19,"column":27},"end":{"line":19,"column":36}},"6":{"start":{"line":24,"column":17},"end":{"line":24,"column":38}},"7":{"start":{"line":25,"column":4},"end":{"line":27,"column":5}},"8":{"start":{"line":26,"column":8},"end":{"line":26,"column":null}},"9":{"start":{"line":28,"column":4},"end":{"line":28,"column":null}},"10":{"start":{"line":14,"column":13},"end":{"line":14,"column":32}},"11":{"start":{"line":32,"column":35},"end":{"line":49,"column":1}},"12":{"start":{"line":33,"column":4},"end":{"line":47,"column":5}},"13":{"start":{"line":34,"column":29},"end":{"line":34,"column":39}},"14":{"start":{"line":36,"column":23},"end":{"line":36,"column":64}},"15":{"start":{"line":37,"column":8},"end":{"line":40,"column":9}},"16":{"start":{"line":38,"column":26},"end":{"line":38,"column":64}},"17":{"start":{"line":39,"column":12},"end":{"line":39,"column":null}},"18":{"start":{"line":41,"column":8},"end":{"line":41,"column":null}},"19":{"start":{"line":43,"column":8},"end":{"line":43,"column":null}},"20":{"start":{"line":46,"column":8},"end":{"line":46,"column":null}},"21":{"start":{"line":32,"column":13},"end":{"line":32,"column":35}},"22":{"start":{"line":51,"column":35},"end":{"line":67,"column":1}},"23":{"start":{"line":53,"column":4},"end":{"line":55,"column":null}},"24":{"start":{"line":57,"column":4},"end":{"line":63,"column":null}},"25":{"start":{"line":62,"column":27},"end":{"line":62,"column":36}},"26":{"start":{"line":66,"column":4},"end":{"line":66,"column":null}},"27":{"start":{"line":51,"column":13},"end":{"line":51,"column":35}},"28":{"start":{"line":71,"column":33},"end":{"line":83,"column":1}},"29":{"start":{"line":73,"column":4},"end":{"line":75,"column":null}},"30":{"start":{"line":73,"column":53},"end":{"line":73,"column":62}},"31":{"start":{"line":78,"column":17},"end":{"line":78,"column":38}},"32":{"start":{"line":79,"column":4},"end":{"line":81,"column":5}},"33":{"start":{"line":80,"column":8},"end":{"line":80,"column":null}},"34":{"start":{"line":82,"column":4},"end":{"line":82,"column":null}},"35":{"start":{"line":71,"column":13},"end":{"line":71,"column":33}},"36":{"start":{"line":86,"column":4},"end":{"line":89,"column":5}},"37":{"start":{"line":87,"column":22},"end":{"line":87,"column":51}},"38":{"start":{"line":88,"column":8},"end":{"line":88,"column":null}},"39":{"start":{"line":90,"column":4},"end":{"line":90,"column":null}}},"fnMap":{"0":{"name":"(anonymous_1)","decl":{"start":{"line":14,"column":32},"end":{"line":14,"column":37}},"loc":{"start":{"line":14,"column":90},"end":{"line":29,"column":1}}},"1":{"name":"(anonymous_2)","decl":{"start":{"line":19,"column":16},"end":{"line":19,"column":17}},"loc":{"start":{"line":19,"column":27},"end":{"line":19,"column":36}}},"2":{"name":"(anonymous_3)","decl":{"start":{"line":32,"column":35},"end":{"line":32,"column":40}},"loc":{"start":{"line":32,"column":93},"end":{"line":49,"column":1}}},"3":{"name":"(anonymous_4)","decl":{"start":{"line":51,"column":35},"end":{"line":51,"column":40}},"loc":{"start":{"line":51,"column":93},"end":{"line":67,"column":1}}},"4":{"name":"(anonymous_5)","decl":{"start":{"line":62,"column":16},"end":{"line":62,"column":17}},"loc":{"start":{"line":62,"column":27},"end":{"line":62,"column":36}}},"5":{"name":"(anonymous_6)","decl":{"start":{"line":71,"column":33},"end":{"line":71,"column":38}},"loc":{"start":{"line":71,"column":91},"end":{"line":83,"column":1}}},"6":{"name":"(anonymous_7)","decl":{"start":{"line":73,"column":44},"end":{"line":73,"column":49}},"loc":{"start":{"line":73,"column":53},"end":{"line":73,"column":62}}},"7":{"name":"hasAccess","decl":{"start":{"line":85,"column":16},"end":{"line":85,"column":25}},"loc":{"start":{"line":85,"column":73},"end":{"line":91,"column":1}}}},"branchMap":{"0":{"loc":{"start":{"line":25,"column":4},"end":{"line":27,"column":5}},"type":"if","locations":[{"start":{"line":25,"column":4},"end":{"line":27,"column":5}},{"start":{},"end":{}}]},"1":{"loc":{"start":{"line":37,"column":8},"end":{"line":40,"column":9}},"type":"if","locations":[{"start":{"line":37,"column":8},"end":{"line":40,"column":9}},{"start":{},"end":{}}]},"2":{"loc":{"start":{"line":79,"column":4},"end":{"line":81,"column":5}},"type":"if","locations":[{"start":{"line":79,"column":4},"end":{"line":81,"column":5}},{"start":{},"end":{}}]},"3":{"loc":{"start":{"line":86,"column":4},"end":{"line":89,"column":5}},"type":"if","locations":[{"start":{"line":86,"column":4},"end":{"line":89,"column":5}},{"start":{},"end":{}}]}},"s":{"0":3,"1":3,"2":3,"3":3,"4":7,"5":6,"6":7,"7":7,"8":1,"9":6,"10":3,"11":3,"12":9,"13":9,"14":9,"15":8,"16":3,"17":3,"18":5,"19":5,"20":1,"21":3,"22":3,"23":6,"24":6,"25":6,"26":6,"27":3,"28":3,"29":0,"30":0,"31":0,"32":0,"33":0,"34":0,"35":3,"36":8,"37":2,"38":2,"39":6},"f":{"0":7,"1":6,"2":9,"3":6,"4":6,"5":0,"6":0,"7":8},"b":{"0":[1,6],"1":[3,5],"2":[0,0],"3":[2,6]}}
,"D:\\cashtrackr\\backend\\src\\middleware\\auth.ts": {"path":"D:\\cashtrackr\\backend\\src\\middleware\\auth.ts","statementMap":{"0":{"start":{"line":2,"column":0},"end":{"line":2,"column":30}},"1":{"start":{"line":3,"column":0},"end":{"line":3,"column":33}},"2":{"start":{"line":11,"column":26},"end":{"line":42,"column":1}},"3":{"start":{"line":13,"column":21},"end":{"line":13,"column":46}},"4":{"start":{"line":15,"column":8},"end":{"line":19,"column":9}},"5":{"start":{"line":16,"column":24},"end":{"line":16,"column":50}},"6":{"start":{"line":17,"column":12},"end":{"line":17,"column":null}},"7":{"start":{"line":21,"column":24},"end":{"line":21,"column":41}},"8":{"start":{"line":22,"column":8},"end":{"line":25,"column":9}},"9":{"start":{"line":23,"column":24},"end":{"line":23,"column":52}},"10":{"start":{"line":24,"column":12},"end":{"line":24,"column":null}},"11":{"start":{"line":27,"column":8},"end":{"line":41,"column":9}},"12":{"start":{"line":28,"column":26},"end":{"line":28,"column":66}},"13":{"start":{"line":30,"column":12},"end":{"line":37,"column":13}},"14":{"start":{"line":32,"column":16},"end":{"line":34,"column":null}},"15":{"start":{"line":36,"column":16},"end":{"line":36,"column":null}},"16":{"start":{"line":40,"column":12},"end":{"line":40,"column":null}},"17":{"start":{"line":11,"column":13},"end":{"line":11,"column":26}}},"fnMap":{"0":{"name":"(anonymous_1)","decl":{"start":{"line":11,"column":26},"end":{"line":11,"column":31}},"loc":{"start":{"line":11,"column":77},"end":{"line":42,"column":1}}}},"branchMap":{"0":{"loc":{"start":{"line":15,"column":8},"end":{"line":19,"column":9}},"type":"if","locations":[{"start":{"line":15,"column":8},"end":{"line":19,"column":9}},{"start":{},"end":{}}]},"1":{"loc":{"start":{"line":22,"column":8},"end":{"line":25,"column":9}},"type":"if","locations":[{"start":{"line":22,"column":8},"end":{"line":25,"column":9}},{"start":{},"end":{}}]},"2":{"loc":{"start":{"line":30,"column":12},"end":{"line":37,"column":13}},"type":"if","locations":[{"start":{"line":30,"column":12},"end":{"line":37,"column":13}},{"start":{},"end":{}}]},"3":{"loc":{"start":{"line":30,"column":15},"end":{"line":30,"column":52}},"type":"binary-expr","locations":[{"start":{"line":30,"column":15},"end":{"line":30,"column":40}},{"start":{"line":30,"column":42},"end":{"line":30,"column":52}}]}},"s":{"0":1,"1":1,"2":1,"3":18,"4":18,"5":5,"6":5,"7":13,"8":13,"9":0,"10":0,"11":13,"12":13,"13":12,"14":12,"15":12,"16":1,"17":1},"f":{"0":18},"b":{"0":[5,13],"1":[0,13],"2":[12,0],"3":[12,12]}}
,"D:\\cashtrackr\\backend\\src\\middleware\\expense.ts": {"path":"D:\\cashtrackr\\backend\\src\\middleware\\expense.ts","statementMap":{"0":{"start":{"line":2,"column":0},"end":{"line":2,"column":40}},"1":{"start":{"line":3,"column":0},"end":{"line":3,"column":39}},"2":{"start":{"line":14,"column":36},"end":{"line":30,"column":1}},"3":{"start":{"line":16,"column":5},"end":{"line":18,"column":null}},"4":{"start":{"line":20,"column":8},"end":{"line":26,"column":null}},"5":{"start":{"line":25,"column":31},"end":{"line":25,"column":40}},"6":{"start":{"line":29,"column":4},"end":{"line":29,"column":null}},"7":{"start":{"line":14,"column":13},"end":{"line":14,"column":36}},"8":{"start":{"line":32,"column":37},"end":{"line":51,"column":1}},"9":{"start":{"line":33,"column":4},"end":{"line":49,"column":9}},"10":{"start":{"line":35,"column":32},"end":{"line":35,"column":42}},"11":{"start":{"line":37,"column":26},"end":{"line":37,"column":69}},"12":{"start":{"line":38,"column":12},"end":{"line":41,"column":13}},"13":{"start":{"line":39,"column":28},"end":{"line":39,"column":61}},"14":{"start":{"line":40,"column":16},"end":{"line":40,"column":null}},"15":{"start":{"line":43,"column":12},"end":{"line":43,"column":null}},"16":{"start":{"line":45,"column":12},"end":{"line":45,"column":null}},"17":{"start":{"line":48,"column":12},"end":{"line":48,"column":null}},"18":{"start":{"line":32,"column":13},"end":{"line":32,"column":37}}},"fnMap":{"0":{"name":"(anonymous_1)","decl":{"start":{"line":14,"column":36},"end":{"line":14,"column":41}},"loc":{"start":{"line":14,"column":94},"end":{"line":30,"column":1}}},"1":{"name":"(anonymous_2)","decl":{"start":{"line":25,"column":20},"end":{"line":25,"column":21}},"loc":{"start":{"line":25,"column":31},"end":{"line":25,"column":40}}},"2":{"name":"(anonymous_3)","decl":{"start":{"line":32,"column":37},"end":{"line":32,"column":42}},"loc":{"start":{"line":32,"column":95},"end":{"line":51,"column":1}}}},"branchMap":{"0":{"loc":{"start":{"line":38,"column":12},"end":{"line":41,"column":13}},"type":"if","locations":[{"start":{"line":38,"column":12},"end":{"line":41,"column":13}},{"start":{},"end":{}}]}},"s":{"0":2,"1":2,"2":2,"3":0,"4":0,"5":0,"6":0,"7":2,"8":2,"9":3,"10":3,"11":3,"12":2,"13":1,"14":1,"15":1,"16":1,"17":1,"18":2},"f":{"0":0,"1":0,"2":3},"b":{"0":[1,1]}}
,"D:\\cashtrackr\\backend\\src\\middleware\\validation.ts": {"path":"D:\\cashtrackr\\backend\\src\\middleware\\validation.ts","statementMap":{"0":{"start":{"line":2,"column":0},"end":{"line":2,"column":52}},"1":{"start":{"line":4,"column":33},"end":{"line":10,"column":1}},"2":{"start":{"line":5,"column":17},"end":{"line":5,"column":38}},"3":{"start":{"line":6,"column":4},"end":{"line":8,"column":5}},"4":{"start":{"line":7,"column":8},"end":{"line":7,"column":null}},"5":{"start":{"line":9,"column":4},"end":{"line":9,"column":null}},"6":{"start":{"line":4,"column":13},"end":{"line":4,"column":33}}},"fnMap":{"0":{"name":"(anonymous_0)","decl":{"start":{"line":4,"column":33},"end":{"line":4,"column":34}},"loc":{"start":{"line":4,"column":85},"end":{"line":10,"column":1}}}},"branchMap":{"0":{"loc":{"start":{"line":6,"column":4},"end":{"line":8,"column":5}},"type":"if","locations":[{"start":{"line":6,"column":4},"end":{"line":8,"column":5}},{"start":{},"end":{}}]}},"s":{"0":1,"1":1,"2":30,"3":30,"4":8,"5":22,"6":1},"f":{"0":30},"b":{"0":[8,22]}}
,"D:\\cashtrackr\\backend\\src\\models\\Budget.ts": {"path":"D:\\cashtrackr\\backend\\src\\models\\Budget.ts","statementMap":{"0":{"start":{"line":2,"column":0},"end":{"line":2,"column":112}},"1":{"start":{"line":3,"column":0},"end":{"line":3,"column":31}},"2":{"start":{"line":4,"column":0},"end":{"line":4,"column":25}},"3":{"start":{"line":11,"column":0},"end":{"line":44,"column":null}},"4":{"start":{"line":17,"column":13},"end":{"line":17,"column":null}},"5":{"start":{"line":23,"column":13},"end":{"line":23,"column":null}},"6":{"start":{"line":31,"column":13},"end":{"line":31,"column":null}},"7":{"start":{"line":25,"column":18},"end":{"line":25,"column":25}},"8":{"start":{"line":35,"column":13},"end":{"line":35,"column":null}},"9":{"start":{"line":34,"column":21},"end":{"line":34,"column":25}},"10":{"start":{"line":39,"column":13},"end":{"line":39,"column":null}},"11":{"start":{"line":38,"column":20},"end":{"line":38,"column":24}},"12":{"start":{"line":11,"column":6},"end":{"line":44,"column":null}},"13":{"start":{"line":46,"column":0},"end":{"line":46,"column":null}}},"fnMap":{"0":{"name":"(anonymous_3)","decl":{"start":{"line":25,"column":14},"end":{"line":25,"column":16}},"loc":{"start":{"line":25,"column":18},"end":{"line":25,"column":25}}},"1":{"name":"(anonymous_4)","decl":{"start":{"line":34,"column":17},"end":{"line":34,"column":19}},"loc":{"start":{"line":34,"column":21},"end":{"line":34,"column":25}}},"2":{"name":"(anonymous_5)","decl":{"start":{"line":38,"column":16},"end":{"line":38,"column":18}},"loc":{"start":{"line":38,"column":20},"end":{"line":38,"column":24}}}},"branchMap":{},"s":{"0":3,"1":3,"2":3,"3":3,"4":3,"5":3,"6":3,"7":3,"8":3,"9":2,"10":3,"11":3,"12":3,"13":3},"f":{"0":3,"1":2,"2":3},"b":{}}
,"D:\\cashtrackr\\backend\\src\\models\\Expense.ts": {"path":"D:\\cashtrackr\\backend\\src\\models\\Expense.ts","statementMap":{"0":{"start":{"line":1,"column":0},"end":{"line":1,"column":103}},"1":{"start":{"line":2,"column":0},"end":{"line":2,"column":29}},"2":{"start":{"line":9,"column":0},"end":{"line":31,"column":null}},"3":{"start":{"line":15,"column":12},"end":{"line":15,"column":null}},"4":{"start":{"line":21,"column":12},"end":{"line":21,"column":null}},"5":{"start":{"line":25,"column":12},"end":{"line":25,"column":null}},"6":{"start":{"line":24,"column":20},"end":{"line":24,"column":26}},"7":{"start":{"line":29,"column":12},"end":{"line":29,"column":null}},"8":{"start":{"line":28,"column":19},"end":{"line":28,"column":25}},"9":{"start":{"line":9,"column":6},"end":{"line":31,"column":null}},"10":{"start":{"line":32,"column":0},"end":{"line":32,"column":null}}},"fnMap":{"0":{"name":"(anonymous_3)","decl":{"start":{"line":24,"column":16},"end":{"line":24,"column":18}},"loc":{"start":{"line":24,"column":20},"end":{"line":24,"column":26}}},"1":{"name":"(anonymous_4)","decl":{"start":{"line":28,"column":15},"end":{"line":28,"column":17}},"loc":{"start":{"line":28,"column":19},"end":{"line":28,"column":25}}}},"branchMap":{},"s":{"0":3,"1":3,"2":3,"3":3,"4":3,"5":3,"6":2,"7":3,"8":2,"9":3,"10":3},"f":{"0":2,"1":2},"b":{}}
,"D:\\cashtrackr\\backend\\src\\models\\User.ts": {"path":"D:\\cashtrackr\\backend\\src\\models\\User.ts","statementMap":{"0":{"start":{"line":1,"column":0},"end":{"line":1,"column":106}},"1":{"start":{"line":2,"column":0},"end":{"line":2,"column":29}},"2":{"start":{"line":8,"column":0},"end":{"line":49,"column":null}},"3":{"start":{"line":14,"column":12},"end":{"line":14,"column":null}},"4":{"start":{"line":20,"column":12},"end":{"line":20,"column":null}},"5":{"start":{"line":27,"column":12},"end":{"line":27,"column":null}},"6":{"start":{"line":33,"column":12},"end":{"line":33,"column":null}},"7":{"start":{"line":40,"column":12},"end":{"line":40,"column":null}},"8":{"start":{"line":47,"column":12},"end":{"line":47,"column":null}},"9":{"start":{"line":42,"column":17},"end":{"line":42,"column":23}},"10":{"start":{"line":8,"column":6},"end":{"line":49,"column":null}},"11":{"start":{"line":51,"column":0},"end":{"line":51,"column":null}}},"fnMap":{"0":{"name":"(anonymous_3)","decl":{"start":{"line":42,"column":13},"end":{"line":42,"column":15}},"loc":{"start":{"line":42,"column":17},"end":{"line":42,"column":23}}}},"branchMap":{},"s":{"0":3,"1":3,"2":3,"3":3,"4":3,"5":3,"6":3,"7":3,"8":3,"9":2,"10":3,"11":3},"f":{"0":2},"b":{}}
,"D:\\cashtrackr\\backend\\src\\routes\\authRouter.ts": {"path":"D:\\cashtrackr\\backend\\src\\routes\\authRouter.ts","statementMap":{"0":{"start":{"line":1,"column":0},"end":{"line":1,"column":32}},"1":{"start":{"line":2,"column":0},"end":{"line":2,"column":47}},"2":{"start":{"line":3,"column":0},"end":{"line":3,"column":43}},"3":{"start":{"line":4,"column":0},"end":{"line":4,"column":62}},"4":{"start":{"line":5,"column":0},"end":{"line":5,"column":49}},"5":{"start":{"line":6,"column":0},"end":{"line":6,"column":60}},"6":{"start":{"line":9,"column":15},"end":{"line":9,"column":23}},"7":{"start":{"line":11,"column":0},"end":{"line":11,"column":null}},"8":{"start":{"line":12,"column":0},"end":{"line":22,"column":null}},"9":{"start":{"line":25,"column":0},"end":{"line":31,"column":null}},"10":{"start":{"line":33,"column":0},"end":{"line":39,"column":null}},"11":{"start":{"line":41,"column":0},"end":{"line":46,"column":null}},"12":{"start":{"line":48,"column":0},"end":{"line":55,"column":null}},"13":{"start":{"line":56,"column":0},"end":{"line":66,"column":null}},"14":{"start":{"line":67,"column":0},"end":{"line":70,"column":null}},"15":{"start":{"line":71,"column":0},"end":{"line":82,"column":null}},"16":{"start":{"line":84,"column":0},"end":{"line":92,"column":null}},"17":{"start":{"line":93,"column":0},"end":{"line":93,"column":null}}},"fnMap":{},"branchMap":{},"s":{"0":1,"1":1,"2":1,"3":1,"4":1,"5":1,"6":1,"7":1,"8":1,"9":1,"10":1,"11":1,"12":1,"13":1,"14":1,"15":1,"16":1,"17":1},"f":{},"b":{}}
,"D:\\cashtrackr\\backend\\src\\routes\\budgetRouter.ts": {"path":"D:\\cashtrackr\\backend\\src\\routes\\budgetRouter.ts","statementMap":{"0":{"start":{"line":1,"column":0},"end":{"line":1,"column":33}},"1":{"start":{"line":2,"column":0},"end":{"line":2,"column":67}},"2":{"start":{"line":3,"column":0},"end":{"line":3,"column":70}},"3":{"start":{"line":4,"column":0},"end":{"line":4,"column":50}},"4":{"start":{"line":5,"column":0},"end":{"line":5,"column":128}},"5":{"start":{"line":6,"column":0},"end":{"line":6,"column":84}},"6":{"start":{"line":7,"column":0},"end":{"line":7,"column":61}},"7":{"start":{"line":9,"column":15},"end":{"line":9,"column":23}},"8":{"start":{"line":11,"column":0},"end":{"line":11,"column":34}},"9":{"start":{"line":13,"column":0},"end":{"line":13,"column":null}},"10":{"start":{"line":14,"column":0},"end":{"line":14,"column":null}},"11":{"start":{"line":15,"column":0},"end":{"line":15,"column":null}},"12":{"start":{"line":17,"column":0},"end":{"line":17,"column":null}},"13":{"start":{"line":18,"column":0},"end":{"line":18,"column":null}},"14":{"start":{"line":20,"column":0},"end":{"line":20,"column":41}},"15":{"start":{"line":22,"column":0},"end":{"line":28,"column":2}},"16":{"start":{"line":30,"column":0},"end":{"line":33,"column":2}},"17":{"start":{"line":35,"column":0},"end":{"line":40,"column":2}},"18":{"start":{"line":42,"column":0},"end":{"line":43,"column":33}},"19":{"start":{"line":47,"column":0},"end":{"line":51,"column":null}},"20":{"start":{"line":52,"column":0},"end":{"line":52,"column":null}},"21":{"start":{"line":53,"column":0},"end":{"line":56,"column":null}},"22":{"start":{"line":57,"column":0},"end":{"line":57,"column":null}},"23":{"start":{"line":60,"column":0},"end":{"line":60,"column":22}}},"fnMap":{},"branchMap":{},"s":{"0":1,"1":1,"2":1,"3":1,"4":1,"5":1,"6":1,"7":1,"8":1,"9":1,"10":1,"11":1,"12":1,"13":1,"14":1,"15":1,"16":1,"17":1,"18":1,"19":1,"20":1,"21":1,"22":1,"23":1},"f":{},"b":{}}
,"D:\\cashtrackr\\backend\\src\\tests\\mocks\\budgets.ts": {"path":"D:\\cashtrackr\\backend\\src\\tests\\mocks\\budgets.ts","statementMap":{"0":{"start":{"line":1,"column":13},"end":{"line":71,"column":2}}},"fnMap":{},"branchMap":{},"s":{"0":3},"f":{},"b":{}}
,"D:\\cashtrackr\\backend\\src\\tests\\mocks\\expenses.ts": {"path":"D:\\cashtrackr\\backend\\src\\tests\\mocks\\expenses.ts","statementMap":{"0":{"start":{"line":1,"column":13},"end":{"line":26,"column":null}}},"fnMap":{},"branchMap":{},"s":{"0":2},"f":{},"b":{}}
,"D:\\cashtrackr\\backend\\src\\utils\\auth.ts": {"path":"D:\\cashtrackr\\backend\\src\\utils\\auth.ts","statementMap":{"0":{"start":{"line":1,"column":0},"end":{"line":1,"column":27}},"1":{"start":{"line":6,"column":26},"end":{"line":10,"column":1}},"2":{"start":{"line":8,"column":15},"end":{"line":8,"column":39}},"3":{"start":{"line":9,"column":4},"end":{"line":9,"column":null}},"4":{"start":{"line":6,"column":13},"end":{"line":6,"column":26}},"5":{"start":{"line":13,"column":27},"end":{"line":17,"column":1}},"6":{"start":{"line":15,"column":4},"end":{"line":15,"column":null}},"7":{"start":{"line":13,"column":13},"end":{"line":13,"column":27}}},"fnMap":{"0":{"name":"(anonymous_1)","decl":{"start":{"line":6,"column":26},"end":{"line":6,"column":31}},"loc":{"start":{"line":6,"column":50},"end":{"line":10,"column":1}}},"1":{"name":"(anonymous_2)","decl":{"start":{"line":13,"column":27},"end":{"line":13,"column":32}},"loc":{"start":{"line":13,"column":63},"end":{"line":17,"column":1}}}},"branchMap":{},"s":{"0":2,"1":2,"2":2,"3":2,"4":2,"5":2,"6":5,"7":2},"f":{"0":2,"1":5},"b":{}}
,"D:\\cashtrackr\\backend\\src\\utils\\jwt.ts": {"path":"D:\\cashtrackr\\backend\\src\\utils\\jwt.ts","statementMap":{"0":{"start":{"line":1,"column":0},"end":{"line":1,"column":30}},"1":{"start":{"line":3,"column":25},"end":{"line":9,"column":1}},"2":{"start":{"line":4,"column":15},"end":{"line":6,"column":5}},"3":{"start":{"line":7,"column":3},"end":{"line":7,"column":null}},"4":{"start":{"line":3,"column":13},"end":{"line":3,"column":25}}},"fnMap":{"0":{"name":"(anonymous_1)","decl":{"start":{"line":3,"column":25},"end":{"line":3,"column":26}},"loc":{"start":{"line":3,"column":38},"end":{"line":9,"column":1}}}},"branchMap":{},"s":{"0":2,"1":2,"2":5,"3":5,"4":2},"f":{"0":5},"b":{}}
,"D:\\cashtrackr\\backend\\src\\utils\\token.ts": {"path":"D:\\cashtrackr\\backend\\src\\utils\\token.ts","statementMap":{"0":{"start":{"line":3,"column":27},"end":{"line":3,"column":81}},"1":{"start":{"line":3,"column":31},"end":{"line":3,"column":81}},"2":{"start":{"line":3,"column":13},"end":{"line":3,"column":27}}},"fnMap":{"0":{"name":"(anonymous_0)","decl":{"start":{"line":3,"column":27},"end":{"line":3,"column":29}},"loc":{"start":{"line":3,"column":31},"end":{"line":3,"column":81}}}},"branchMap":{},"s":{"0":2,"1":2,"2":2},"f":{"0":2},"b":{}}
}
