TN:
SF:src\server.ts
FN:7,connectDB
FNF:1
FNH:1
FNDA:1,connectDB
DA:1,1
DA:2,1
DA:3,1
DA:4,1
DA:5,1
DA:7,1
DA:8,1
DA:9,1
DA:11,1
DA:20,1
DA:22,1
DA:24,1
DA:26,1
DA:29,1
DA:31,1
DA:37,1
LF:16
LH:16
BRF:0
BRH:0
end_of_record
TN:
SF:src\config\db.ts
FNF:0
FNH:0
DA:1,1
DA:2,1
DA:5,1
DA:7,1
LF:4
LH:4
BRF:0
BRH:0
end_of_record
TN:
SF:src\config\limiter.ts
FN:6,(anonymous_0)
FNF:1
FNH:1
FNDA:24,(anonymous_0)
DA:1,1
DA:3,1
DA:6,24
LF:3
LH:3
BRDA:5,0,0,0
BRDA:5,0,1,1
BRF:2
BRH:1
end_of_record
TN:
SF:src\config\nodemailer.ts
FN:6,(anonymous_1)
FNF:1
FNH:1
FNDA:2,(anonymous_1)
DA:1,2
DA:2,2
DA:3,2
DA:6,2
DA:7,2
DA:18,2
LF:6
LH:6
BRF:0
BRH:0
end_of_record
TN:
SF:src\controllers\AuthController.ts
FN:10,(anonymous_1)
FN:54,(anonymous_2)
FN:75,(anonymous_3)
FN:109,(anonymous_4)
FN:135,(anonymous_5)
FN:151,(anonymous_6)
FN:172,(anonymous_7)
FN:176,(anonymous_8)
FN:198,(anonymous_9)
FNF:9
FNH:3
FNDA:6,(anonymous_1)
FNDA:3,(anonymous_2)
FNDA:15,(anonymous_3)
FNDA:0,(anonymous_4)
FNDA:0,(anonymous_5)
FNDA:0,(anonymous_6)
FNDA:0,(anonymous_7)
FNDA:0,(anonymous_8)
FNDA:0,(anonymous_9)
DA:2,2
DA:3,2
DA:4,2
DA:5,2
DA:6,2
DA:8,2
DA:10,2
DA:12,6
DA:14,6
DA:19,6
DA:20,3
DA:21,3
DA:23,3
DA:25,3
DA:27,3
DA:29,3
DA:31,3
DA:34,3
DA:35,3
DA:38,3
DA:39,3
DA:46,3
DA:49,0
DA:54,2
DA:56,3
DA:58,3
DA:61,3
DA:62,1
DA:63,1
DA:66,2
DA:67,2
DA:70,2
DA:72,2
DA:75,2
DA:77,15
DA:79,15
DA:84,15
DA:85,2
DA:86,2
DA:89,13
DA:90,3
DA:91,3
DA:95,10
DA:96,10
DA:97,2
DA:98,2
DA:102,8
DA:105,8
DA:109,2
DA:110,0
DA:112,0
DA:117,0
DA:118,0
DA:119,0
DA:122,0
DA:124,0
DA:126,0
DA:131,0
DA:135,2
DA:137,0
DA:139,0
DA:141,0
DA:142,0
DA:144,0
DA:147,0
DA:151,2
DA:152,0
DA:153,0
DA:155,0
DA:157,0
DA:158,0
DA:160,0
DA:164,0
DA:165,0
DA:166,0
DA:168,0
DA:172,2
DA:173,0
DA:176,2
DA:178,0
DA:180,0
DA:183,0
DA:185,0
DA:186,0
DA:187,0
DA:188,0
DA:191,0
DA:192,0
DA:193,0
DA:198,2
DA:200,0
DA:202,0
DA:205,0
DA:207,0
DA:208,0
DA:209,0
DA:210,0
DA:213,0
LF:98
LH:53
BRDA:19,0,0,3
BRDA:19,0,1,3
BRDA:34,1,0,3
BRDA:34,1,1,0
BRDA:61,2,0,1
BRDA:61,2,1,2
BRDA:84,3,0,2
BRDA:84,3,1,13
BRDA:89,4,0,3
BRDA:89,4,1,10
BRDA:96,5,0,2
BRDA:96,5,1,8
BRDA:117,6,0,0
BRDA:117,6,1,0
BRDA:141,7,0,0
BRDA:141,7,1,0
BRDA:157,8,0,0
BRDA:157,8,1,0
BRDA:186,9,0,0
BRDA:186,9,1,0
BRDA:208,10,0,0
BRDA:208,10,1,0
BRF:22
BRH:11
end_of_record
TN:
SF:src\controllers\BudgetController.ts
FN:9,(anonymous_1)
FN:29,(anonymous_2)
FN:45,(anonymous_3)
FN:56,(anonymous_4)
FN:62,(anonymous_5)
FNF:5
FNH:5
FNDA:3,(anonymous_1)
FNDA:5,(anonymous_2)
FNDA:4,(anonymous_3)
FNDA:2,(anonymous_4)
FNDA:2,(anonymous_5)
DA:2,2
DA:3,2
DA:7,2
DA:9,2
DA:10,3
DA:11,3
DA:23,2
DA:26,1
DA:29,2
DA:30,5
DA:33,5
DA:35,4
DA:37,4
DA:38,4
DA:41,1
DA:45,2
DA:48,4
DA:53,4
DA:56,2
DA:58,2
DA:59,2
DA:62,2
DA:63,2
DA:64,2
LF:24
LH:24
BRF:0
BRH:0
end_of_record
TN:
SF:src\controllers\ExpenseController.ts
FN:7,(anonymous_1)
FN:21,(anonymous_2)
FN:26,(anonymous_3)
FN:33,(anonymous_4)
FNF:4
FNH:4
FNDA:2,(anonymous_1)
FNDA:1,(anonymous_2)
FNDA:1,(anonymous_3)
FNDA:1,(anonymous_4)
DA:2,2
DA:4,2
DA:7,2
DA:8,2
DA:10,2
DA:11,1
DA:13,1
DA:14,1
DA:17,1
DA:21,2
DA:22,1
DA:26,2
DA:27,1
DA:28,1
DA:33,2
DA:35,1
DA:36,1
LF:17
LH:17
BRF:0
BRH:0
end_of_record
TN:
SF:src\emails\AuthEmail.ts
FN:10,(anonymous_0)
FN:27,(anonymous_1)
FNF:2
FNH:0
FNDA:0,(anonymous_0)
FNDA:0,(anonymous_1)
DA:1,2
DA:8,2
DA:10,2
DA:11,0
DA:22,0
DA:27,2
DA:28,0
DA:39,0
LF:8
LH:4
BRF:0
BRH:0
end_of_record
TN:
SF:src\middleware\Budget.ts
FN:14,(anonymous_1)
FN:19,(anonymous_2)
FN:32,(anonymous_3)
FN:51,(anonymous_4)
FN:62,(anonymous_5)
FN:71,(anonymous_6)
FN:73,(anonymous_7)
FN:85,hasAccess
FNF:8
FNH:6
FNDA:7,(anonymous_1)
FNDA:6,(anonymous_2)
FNDA:9,(anonymous_3)
FNDA:6,(anonymous_4)
FNDA:6,(anonymous_5)
FNDA:0,(anonymous_6)
FNDA:0,(anonymous_7)
FNDA:8,hasAccess
DA:2,3
DA:3,3
DA:14,3
DA:16,7
DA:19,6
DA:24,7
DA:25,7
DA:26,1
DA:28,6
DA:32,3
DA:33,9
DA:34,9
DA:36,9
DA:37,8
DA:38,3
DA:39,3
DA:41,5
DA:43,5
DA:46,1
DA:51,3
DA:53,6
DA:57,6
DA:62,6
DA:66,6
DA:71,3
DA:73,0
DA:78,0
DA:79,0
DA:80,0
DA:82,0
DA:85,3
DA:86,8
DA:87,2
DA:88,2
DA:90,6
LF:35
LH:30
BRDA:25,0,0,1
BRDA:25,0,1,6
BRDA:37,1,0,3
BRDA:37,1,1,5
BRDA:79,2,0,0
BRDA:79,2,1,0
BRDA:86,3,0,2
BRDA:86,3,1,6
BRF:8
BRH:6
end_of_record
TN:
SF:src\middleware\auth.ts
FN:11,(anonymous_1)
FNF:1
FNH:1
FNDA:18,(anonymous_1)
DA:2,1
DA:3,1
DA:11,1
DA:13,18
DA:15,18
DA:16,5
DA:17,5
DA:21,13
DA:22,13
DA:23,0
DA:24,0
DA:27,13
DA:28,13
DA:30,12
DA:32,12
DA:36,12
DA:40,1
LF:17
LH:15
BRDA:15,0,0,5
BRDA:15,0,1,13
BRDA:22,1,0,0
BRDA:22,1,1,13
BRDA:30,2,0,12
BRDA:30,2,1,0
BRDA:30,3,0,12
BRDA:30,3,1,12
BRF:8
BRH:6
end_of_record
TN:
SF:src\middleware\expense.ts
FN:14,(anonymous_1)
FN:25,(anonymous_2)
FN:32,(anonymous_3)
FNF:3
FNH:1
FNDA:0,(anonymous_1)
FNDA:0,(anonymous_2)
FNDA:3,(anonymous_3)
DA:2,2
DA:3,2
DA:14,2
DA:16,0
DA:20,0
DA:25,0
DA:29,0
DA:32,2
DA:33,3
DA:35,3
DA:37,3
DA:38,2
DA:39,1
DA:40,1
DA:43,1
DA:45,1
DA:48,1
LF:17
LH:13
BRDA:38,0,0,1
BRDA:38,0,1,1
BRF:2
BRH:2
end_of_record
TN:
SF:src\middleware\validation.ts
FN:4,(anonymous_0)
FNF:1
FNH:1
FNDA:30,(anonymous_0)
DA:2,1
DA:4,1
DA:5,30
DA:6,30
DA:7,8
DA:9,22
LF:6
LH:6
BRDA:6,0,0,8
BRDA:6,0,1,22
BRF:2
BRH:2
end_of_record
TN:
SF:src\models\Budget.ts
FN:25,(anonymous_3)
FN:34,(anonymous_4)
FN:38,(anonymous_5)
FNF:3
FNH:3
FNDA:3,(anonymous_3)
FNDA:2,(anonymous_4)
FNDA:3,(anonymous_5)
DA:2,3
DA:3,3
DA:4,3
DA:11,3
DA:17,3
DA:23,3
DA:25,3
DA:31,3
DA:34,2
DA:35,3
DA:38,3
DA:39,3
DA:46,3
LF:13
LH:13
BRF:0
BRH:0
end_of_record
TN:
SF:src\models\Expense.ts
FN:24,(anonymous_3)
FN:28,(anonymous_4)
FNF:2
FNH:2
FNDA:2,(anonymous_3)
FNDA:2,(anonymous_4)
DA:1,3
DA:2,3
DA:9,3
DA:15,3
DA:21,3
DA:24,2
DA:25,3
DA:28,2
DA:29,3
DA:32,3
LF:10
LH:10
BRF:0
BRH:0
end_of_record
TN:
SF:src\models\User.ts
FN:42,(anonymous_3)
FNF:1
FNH:1
FNDA:2,(anonymous_3)
DA:1,3
DA:2,3
DA:8,3
DA:14,3
DA:20,3
DA:27,3
DA:33,3
DA:40,3
DA:42,2
DA:47,3
DA:51,3
LF:11
LH:11
BRF:0
BRH:0
end_of_record
TN:
SF:src\routes\authRouter.ts
FNF:0
FNH:0
DA:1,1
DA:2,1
DA:3,1
DA:4,1
DA:5,1
DA:6,1
DA:9,1
DA:11,1
DA:12,1
DA:25,1
DA:33,1
DA:41,1
DA:48,1
DA:56,1
DA:67,1
DA:71,1
DA:84,1
DA:93,1
LF:18
LH:18
BRF:0
BRH:0
end_of_record
TN:
SF:src\routes\budgetRouter.ts
FNF:0
FNH:0
DA:1,1
DA:2,1
DA:3,1
DA:4,1
DA:5,1
DA:6,1
DA:7,1
DA:9,1
DA:11,1
DA:13,1
DA:14,1
DA:15,1
DA:17,1
DA:18,1
DA:20,1
DA:22,1
DA:30,1
DA:35,1
DA:42,1
DA:47,1
DA:52,1
DA:53,1
DA:57,1
DA:60,1
LF:24
LH:24
BRF:0
BRH:0
end_of_record
TN:
SF:src\tests\mocks\budgets.ts
FNF:0
FNH:0
DA:1,3
LF:1
LH:1
BRF:0
BRH:0
end_of_record
TN:
SF:src\tests\mocks\expenses.ts
FNF:0
FNH:0
DA:1,2
LF:1
LH:1
BRF:0
BRH:0
end_of_record
TN:
SF:src\utils\auth.ts
FN:6,(anonymous_1)
FN:13,(anonymous_2)
FNF:2
FNH:2
FNDA:2,(anonymous_1)
FNDA:5,(anonymous_2)
DA:1,2
DA:6,2
DA:8,2
DA:9,2
DA:13,2
DA:15,5
LF:6
LH:6
BRF:0
BRH:0
end_of_record
TN:
SF:src\utils\jwt.ts
FN:3,(anonymous_1)
FNF:1
FNH:1
FNDA:5,(anonymous_1)
DA:1,2
DA:3,2
DA:4,5
DA:7,5
LF:4
LH:4
BRF:0
BRH:0
end_of_record
TN:
SF:src\utils\token.ts
FN:3,(anonymous_0)
FNF:1
FNH:1
FNDA:2,(anonymous_0)
DA:3,2
LF:1
LH:1
BRF:0
BRH:0
end_of_record
