TN:
SF:src\config\nodemailer.ts
FN:6,(anonymous_1)
FNF:1
FNH:1
FNDA:1,(anonymous_1)
DA:1,1
DA:2,1
DA:3,1
DA:6,1
DA:7,1
DA:18,1
LF:6
LH:6
BRF:0
BRH:0
end_of_record
TN:
SF:src\controllers\AuthController.ts
FN:10,(anonymous_1)
FN:46,(anonymous_2)
FN:67,(anonymous_3)
FN:101,(anonymous_4)
FN:127,(anonymous_5)
FN:143,(anonymous_6)
FN:164,(anonymous_7)
FN:168,(anonymous_8)
FN:190,(anonymous_9)
FNF:9
FNH:2
FNDA:2,(anonymous_1)
FNDA:0,(anonymous_2)
FNDA:4,(anonymous_3)
FNDA:0,(anonymous_4)
FNDA:0,(anonymous_5)
FNDA:0,(anonymous_6)
FNDA:0,(anonymous_7)
FNDA:0,(anonymous_8)
FNDA:0,(anonymous_9)
DA:2,1
DA:3,1
DA:4,1
DA:5,1
DA:6,1
DA:8,1
DA:10,1
DA:12,2
DA:14,2
DA:19,2
DA:20,1
DA:21,1
DA:23,1
DA:25,1
DA:27,1
DA:29,1
DA:30,1
DA:31,1
DA:38,1
DA:41,0
DA:46,1
DA:48,0
DA:50,0
DA:53,0
DA:54,0
DA:55,0
DA:58,0
DA:59,0
DA:62,0
DA:64,0
DA:67,1
DA:69,4
DA:71,4
DA:76,4
DA:77,1
DA:78,1
DA:81,3
DA:82,1
DA:83,1
DA:87,2
DA:88,2
DA:89,1
DA:90,1
DA:94,1
DA:97,1
DA:101,1
DA:102,0
DA:104,0
DA:109,0
DA:110,0
DA:111,0
DA:114,0
DA:116,0
DA:118,0
DA:123,0
DA:127,1
DA:129,0
DA:131,0
DA:133,0
DA:134,0
DA:136,0
DA:139,0
DA:143,1
DA:144,0
DA:145,0
DA:147,0
DA:149,0
DA:150,0
DA:152,0
DA:156,0
DA:157,0
DA:158,0
DA:160,0
DA:164,1
DA:165,0
DA:168,1
DA:170,0
DA:172,0
DA:175,0
DA:177,0
DA:178,0
DA:179,0
DA:180,0
DA:183,0
DA:184,0
DA:185,0
DA:190,1
DA:192,0
DA:194,0
DA:197,0
DA:199,0
DA:200,0
DA:201,0
DA:202,0
DA:205,0
LF:95
LH:41
BRDA:19,0,0,1
BRDA:19,0,1,1
BRDA:53,1,0,0
BRDA:53,1,1,0
BRDA:76,2,0,1
BRDA:76,2,1,3
BRDA:81,3,0,1
BRDA:81,3,1,2
BRDA:88,4,0,1
BRDA:88,4,1,1
BRDA:109,5,0,0
BRDA:109,5,1,0
BRDA:133,6,0,0
BRDA:133,6,1,0
BRDA:149,7,0,0
BRDA:149,7,1,0
BRDA:178,8,0,0
BRDA:178,8,1,0
BRDA:200,9,0,0
BRDA:200,9,1,0
BRF:20
BRH:8
end_of_record
TN:
SF:src\controllers\BudgetController.ts
FN:9,(anonymous_1)
FN:29,(anonymous_2)
FN:45,(anonymous_3)
FN:56,(anonymous_4)
FN:62,(anonymous_5)
FNF:5
FNH:5
FNDA:2,(anonymous_1)
FNDA:2,(anonymous_2)
FNDA:3,(anonymous_3)
FNDA:1,(anonymous_4)
FNDA:1,(anonymous_5)
DA:2,1
DA:3,1
DA:7,1
DA:9,1
DA:10,2
DA:11,2
DA:23,1
DA:26,1
DA:29,1
DA:30,2
DA:33,2
DA:35,1
DA:37,1
DA:38,1
DA:41,1
DA:45,1
DA:48,3
DA:53,3
DA:56,1
DA:58,1
DA:59,1
DA:62,1
DA:63,1
DA:64,1
LF:24
LH:24
BRF:0
BRH:0
end_of_record
TN:
SF:src\controllers\ExpenseController.ts
FN:7,(anonymous_1)
FN:21,(anonymous_2)
FN:26,(anonymous_3)
FN:33,(anonymous_4)
FNF:4
FNH:4
FNDA:2,(anonymous_1)
FNDA:1,(anonymous_2)
FNDA:1,(anonymous_3)
FNDA:1,(anonymous_4)
DA:2,1
DA:4,1
DA:7,1
DA:8,2
DA:10,2
DA:11,1
DA:13,1
DA:14,1
DA:17,1
DA:21,1
DA:22,1
DA:26,1
DA:27,1
DA:28,1
DA:33,1
DA:35,1
DA:36,1
LF:17
LH:17
BRF:0
BRH:0
end_of_record
TN:
SF:src\emails\AuthEmail.ts
FN:10,(anonymous_0)
FN:27,(anonymous_1)
FNF:2
FNH:0
FNDA:0,(anonymous_0)
FNDA:0,(anonymous_1)
DA:1,1
DA:8,1
DA:10,1
DA:11,0
DA:22,0
DA:27,1
DA:28,0
DA:39,0
LF:8
LH:4
BRF:0
BRH:0
end_of_record
TN:
SF:src\middleware\Budget.ts
FN:14,(anonymous_1)
FN:19,(anonymous_2)
FN:32,(anonymous_3)
FN:51,(anonymous_4)
FN:62,(anonymous_5)
FN:71,(anonymous_6)
FN:73,(anonymous_7)
FN:85,hasAccess
FNF:8
FNH:2
FNDA:0,(anonymous_1)
FNDA:0,(anonymous_2)
FNDA:3,(anonymous_3)
FNDA:0,(anonymous_4)
FNDA:0,(anonymous_5)
FNDA:0,(anonymous_6)
FNDA:0,(anonymous_7)
FNDA:4,hasAccess
DA:2,2
DA:3,2
DA:14,2
DA:16,0
DA:19,0
DA:24,0
DA:25,0
DA:26,0
DA:28,0
DA:32,2
DA:33,3
DA:34,3
DA:36,3
DA:37,2
DA:38,1
DA:39,1
DA:41,1
DA:43,1
DA:46,1
DA:51,2
DA:53,0
DA:57,0
DA:62,0
DA:66,0
DA:71,2
DA:73,0
DA:78,0
DA:79,0
DA:80,0
DA:82,0
DA:85,2
DA:86,4
DA:87,2
DA:88,2
DA:90,2
LF:35
LH:20
BRDA:25,0,0,0
BRDA:25,0,1,0
BRDA:37,1,0,1
BRDA:37,1,1,1
BRDA:79,2,0,0
BRDA:79,2,1,0
BRDA:86,3,0,2
BRDA:86,3,1,2
BRF:8
BRH:4
end_of_record
TN:
SF:src\middleware\expense.ts
FN:14,(anonymous_1)
FN:25,(anonymous_2)
FN:32,(anonymous_3)
FNF:3
FNH:1
FNDA:0,(anonymous_1)
FNDA:0,(anonymous_2)
FNDA:3,(anonymous_3)
DA:2,1
DA:3,1
DA:14,1
DA:16,0
DA:20,0
DA:25,0
DA:29,0
DA:32,1
DA:33,3
DA:35,3
DA:37,3
DA:38,2
DA:39,1
DA:40,1
DA:43,1
DA:45,1
DA:48,1
LF:17
LH:13
BRDA:38,0,0,1
BRDA:38,0,1,1
BRF:2
BRH:2
end_of_record
TN:
SF:src\models\Budget.ts
FN:25,(anonymous_3)
FN:34,(anonymous_4)
FN:38,(anonymous_5)
FNF:3
FNH:0
FNDA:0,(anonymous_3)
FNDA:0,(anonymous_4)
FNDA:0,(anonymous_5)
DA:2,2
DA:3,2
DA:4,2
DA:11,2
DA:17,2
DA:23,2
DA:25,0
DA:31,2
DA:34,0
DA:35,2
DA:38,0
DA:39,2
DA:46,2
LF:13
LH:10
BRF:0
BRH:0
end_of_record
TN:
SF:src\models\Expense.ts
FN:24,(anonymous_3)
FN:28,(anonymous_4)
FNF:2
FNH:0
FNDA:0,(anonymous_3)
FNDA:0,(anonymous_4)
DA:1,2
DA:2,2
DA:9,2
DA:15,2
DA:21,2
DA:24,0
DA:25,2
DA:28,0
DA:29,2
DA:32,2
LF:10
LH:8
BRF:0
BRH:0
end_of_record
TN:
SF:src\models\User.ts
FN:42,(anonymous_3)
FNF:1
FNH:0
FNDA:0,(anonymous_3)
DA:1,2
DA:2,2
DA:8,2
DA:14,2
DA:20,2
DA:27,2
DA:33,2
DA:40,2
DA:42,0
DA:47,2
DA:51,2
LF:11
LH:10
BRF:0
BRH:0
end_of_record
TN:
SF:src\tests\mocks\budgets.ts
FNF:0
FNH:0
DA:1,3
LF:1
LH:1
BRF:0
BRH:0
end_of_record
TN:
SF:src\tests\mocks\expenses.ts
FNF:0
FNH:0
DA:1,2
LF:1
LH:1
BRF:0
BRH:0
end_of_record
TN:
SF:src\utils\auth.ts
FN:6,(anonymous_1)
FN:13,(anonymous_2)
FNF:2
FNH:0
FNDA:0,(anonymous_1)
FNDA:0,(anonymous_2)
DA:1,1
DA:6,1
DA:8,0
DA:9,0
DA:13,1
DA:15,0
LF:6
LH:3
BRF:0
BRH:0
end_of_record
TN:
SF:src\utils\jwt.ts
FN:3,(anonymous_1)
FNF:1
FNH:0
FNDA:0,(anonymous_1)
DA:1,1
DA:3,1
DA:4,0
DA:7,0
LF:4
LH:2
BRF:0
BRH:0
end_of_record
TN:
SF:src\utils\token.ts
FN:3,(anonymous_0)
FNF:1
FNH:0
FNDA:0,(anonymous_0)
DA:3,1
LF:1
LH:1
BRF:0
BRH:0
end_of_record
